Base path: C:/Program Files/Unity53/Editor/Data
Cmd: getPlatforms
Cmd: compileSnippet
  api=4 type=0 insize=965 outsize=2129 kw=DIRECTIONAL SHADOWS_SCREEN LIGHTMAP_OFF DIRLIGHTMAP_OFF DYNAMICLIGHTMAP_OFF _EMISSION pd=UNITY_ENABLE_REFLECTION_BUFFERS UNITY_PBS_USE_BRDF1 UNITY_SPECCUBE_BOX_PROJECTION UNITY_SPECCUBE_BLENDING UNITY_TEXTURE_ALPHASPLIT_ALLOWED ok=1
Cmd: compileSnippet
  api=4 type=1 insize=965 outsize=5457 kw=DIRECTIONAL SHADOWS_SCREEN LIGHTMAP_OFF DIRLIGHTMAP_OFF DYNAMICLIGHTMAP_OFF _EMISSION pd=UNITY_ENABLE_REFLECTION_BUFFERS UNITY_PBS_USE_BRDF1 UNITY_SPECCUBE_BOX_PROJECTION UNITY_SPECCUBE_BLENDING UNITY_TEXTURE_ALPHASPLIT_ALLOWED ok=1
Cmd: compileSnippet
  api=4 type=0 insize=970 outsize=2129 kw=DIRECTIONAL SHADOWS_SCREEN LIGHTMAP_OFF DIRLIGHTMAP_OFF DYNAMICLIGHTMAP_OFF pd=UNITY_ENABLE_REFLECTION_BUFFERS UNITY_PBS_USE_BRDF1 UNITY_SPECCUBE_BOX_PROJECTION UNITY_SPECCUBE_BLENDING UNITY_TEXTURE_ALPHASPLIT_ALLOWED ok=1
Cmd: compileSnippet
  api=4 type=1 insize=970 outsize=5409 kw=DIRECTIONAL SHADOWS_SCREEN LIGHTMAP_OFF DIRLIGHTMAP_OFF DYNAMICLIGHTMAP_OFF pd=UNITY_ENABLE_REFLECTION_BUFFERS UNITY_PBS_USE_BRDF1 UNITY_SPECCUBE_BOX_PROJECTION UNITY_SPECCUBE_BLENDING UNITY_TEXTURE_ALPHASPLIT_ALLOWED ok=1
Cmd: compileSnippet
  api=4 type=0 insize=1705 outsize=997 kw=SOFTPARTICLES_ON pd=UNITY_ENABLE_REFLECTION_BUFFERS UNITY_PBS_USE_BRDF1 UNITY_SPECCUBE_BOX_PROJECTION UNITY_SPECCUBE_BLENDING UNITY_TEXTURE_ALPHASPLIT_ALLOWED ok=1
Cmd: compileSnippet
  api=4 type=1 insize=1705 outsize=789 kw=SOFTPARTICLES_ON pd=UNITY_ENABLE_REFLECTION_BUFFERS UNITY_PBS_USE_BRDF1 UNITY_SPECCUBE_BOX_PROJECTION UNITY_SPECCUBE_BLENDING UNITY_TEXTURE_ALPHASPLIT_ALLOWED ok=1
Cmd: compileSnippet
  api=4 type=0 insize=1482 outsize=997 kw=SOFTPARTICLES_ON pd=UNITY_ENABLE_REFLECTION_BUFFERS UNITY_PBS_USE_BRDF1 UNITY_SPECCUBE_BOX_PROJECTION UNITY_SPECCUBE_BLENDING UNITY_TEXTURE_ALPHASPLIT_ALLOWED ok=1
Cmd: compileSnippet
  api=4 type=1 insize=1482 outsize=757 kw=SOFTPARTICLES_ON pd=UNITY_ENABLE_REFLECTION_BUFFERS UNITY_PBS_USE_BRDF1 UNITY_SPECCUBE_BOX_PROJECTION UNITY_SPECCUBE_BLENDING UNITY_TEXTURE_ALPHASPLIT_ALLOWED ok=1
Cmd: compileSnippet
  api=4 type=0 insize=1642 outsize=997 kw=SOFTPARTICLES_ON pd=UNITY_ENABLE_REFLECTION_BUFFERS UNITY_PBS_USE_BRDF1 UNITY_SPECCUBE_BOX_PROJECTION UNITY_SPECCUBE_BLENDING UNITY_TEXTURE_ALPHASPLIT_ALLOWED ok=1
Cmd: compileSnippet
  api=4 type=1 insize=1642 outsize=789 kw=SOFTPARTICLES_ON pd=UNITY_ENABLE_REFLECTION_BUFFERS UNITY_PBS_USE_BRDF1 UNITY_SPECCUBE_BOX_PROJECTION UNITY_SPECCUBE_BLENDING UNITY_TEXTURE_ALPHASPLIT_ALLOWED ok=1
Cmd: preprocess
  insize=2393 outsize=1476 ok=1
Cmd: compileSnippet
  error: 2 plat 4 at (80): 'vert': output parameter 'o' not completely initialized\nCompiling Vertex program with DIRECTIONAL SHADOWS_OFF LIGHTMAP_OFF DIRLIGHTMAP_OFF DYNAMICLIGHTMAP_OFF
Platform defines: UNITY_ENABLE_REFLECTION_BUFFERS UNITY_PBS_USE_BRDF1 UNITY_SPECCUBE_BOX_PROJECTION UNITY_SPECCUBE_BLENDING UNITY_TEXTURE_ALPHASPLIT_ALLOWED
  api=4 type=0 insize=9115 outsize=0 kw=DIRECTIONAL SHADOWS_OFF LIGHTMAP_OFF DIRLIGHTMAP_OFF DYNAMICLIGHTMAP_OFF pd=UNITY_ENABLE_REFLECTION_BUFFERS UNITY_PBS_USE_BRDF1 UNITY_SPECCUBE_BOX_PROJECTION UNITY_SPECCUBE_BLENDING UNITY_TEXTURE_ALPHASPLIT_ALLOWED ok=0
Cmd: preprocess
  insize=2433 outsize=1497 ok=1
Cmd: compileSnippet
  error: 2 plat 4 at (81): 'vert': output parameter 'o' not completely initialized\nCompiling Vertex program with DIRECTIONAL SHADOWS_OFF LIGHTMAP_OFF DIRLIGHTMAP_OFF DYNAMICLIGHTMAP_OFF
Platform defines: UNITY_ENABLE_REFLECTION_BUFFERS UNITY_PBS_USE_BRDF1 UNITY_SPECCUBE_BOX_PROJECTION UNITY_SPECCUBE_BLENDING UNITY_TEXTURE_ALPHASPLIT_ALLOWED
  api=4 type=0 insize=8984 outsize=0 kw=DIRECTIONAL SHADOWS_OFF LIGHTMAP_OFF DIRLIGHTMAP_OFF DYNAMICLIGHTMAP_OFF pd=UNITY_ENABLE_REFLECTION_BUFFERS UNITY_PBS_USE_BRDF1 UNITY_SPECCUBE_BOX_PROJECTION UNITY_SPECCUBE_BLENDING UNITY_TEXTURE_ALPHASPLIT_ALLOWED ok=0
Cmd: compileSnippet
  api=4 type=0 insize=6763 outsize=2085 kw=DIRECTIONAL SHADOWS_OFF LIGHTMAP_OFF DIRLIGHTMAP_OFF DYNAMICLIGHTMAP_OFF pd=UNITY_ENABLE_REFLECTION_BUFFERS UNITY_PBS_USE_BRDF1 UNITY_SPECCUBE_BOX_PROJECTION UNITY_SPECCUBE_BLENDING UNITY_TEXTURE_ALPHASPLIT_ALLOWED ok=1
Cmd: compileSnippet
  api=4 type=1 insize=6763 outsize=641 kw=DIRECTIONAL SHADOWS_OFF LIGHTMAP_OFF DIRLIGHTMAP_OFF DYNAMICLIGHTMAP_OFF pd=UNITY_ENABLE_REFLECTION_BUFFERS UNITY_PBS_USE_BRDF1 UNITY_SPECCUBE_BOX_PROJECTION UNITY_SPECCUBE_BLENDING UNITY_TEXTURE_ALPHASPLIT_ALLOWED ok=1
Cmd: compileSnippet
  api=4 type=0 insize=3695 outsize=1349 kw=DIRECTIONAL pd=UNITY_ENABLE_REFLECTION_BUFFERS UNITY_PBS_USE_BRDF1 UNITY_SPECCUBE_BOX_PROJECTION UNITY_SPECCUBE_BLENDING UNITY_TEXTURE_ALPHASPLIT_ALLOWED ok=1
Cmd: compileSnippet
  api=4 type=1 insize=3695 outsize=569 kw=DIRECTIONAL pd=UNITY_ENABLE_REFLECTION_BUFFERS UNITY_PBS_USE_BRDF1 UNITY_SPECCUBE_BOX_PROJECTION UNITY_SPECCUBE_BLENDING UNITY_TEXTURE_ALPHASPLIT_ALLOWED ok=1
Cmd: compileSnippet
  api=4 type=0 insize=797 outsize=1853 kw=SHADOWS_DEPTH pd=UNITY_ENABLE_REFLECTION_BUFFERS UNITY_PBS_USE_BRDF1 UNITY_SPECCUBE_BOX_PROJECTION UNITY_SPECCUBE_BLENDING UNITY_TEXTURE_ALPHASPLIT_ALLOWED ok=1
Cmd: compileSnippet
  api=4 type=1 insize=797 outsize=441 kw=SHADOWS_DEPTH pd=UNITY_ENABLE_REFLECTION_BUFFERS UNITY_PBS_USE_BRDF1 UNITY_SPECCUBE_BOX_PROJECTION UNITY_SPECCUBE_BLENDING UNITY_TEXTURE_ALPHASPLIT_ALLOWED ok=1
Cmd: compileSnippet
  api=4 type=0 insize=6815 outsize=2085 kw=DIRECTIONAL SHADOWS_OFF LIGHTMAP_OFF DIRLIGHTMAP_OFF DYNAMICLIGHTMAP_OFF pd=UNITY_ENABLE_REFLECTION_BUFFERS UNITY_PBS_USE_BRDF1 UNITY_SPECCUBE_BOX_PROJECTION UNITY_SPECCUBE_BLENDING UNITY_TEXTURE_ALPHASPLIT_ALLOWED ok=1
Cmd: compileSnippet
  api=4 type=1 insize=6815 outsize=729 kw=DIRECTIONAL SHADOWS_OFF LIGHTMAP_OFF DIRLIGHTMAP_OFF DYNAMICLIGHTMAP_OFF pd=UNITY_ENABLE_REFLECTION_BUFFERS UNITY_PBS_USE_BRDF1 UNITY_SPECCUBE_BOX_PROJECTION UNITY_SPECCUBE_BLENDING UNITY_TEXTURE_ALPHASPLIT_ALLOWED ok=1
Cmd: compileSnippet
  api=4 type=0 insize=3734 outsize=1349 kw=DIRECTIONAL pd=UNITY_ENABLE_REFLECTION_BUFFERS UNITY_PBS_USE_BRDF1 UNITY_SPECCUBE_BOX_PROJECTION UNITY_SPECCUBE_BLENDING UNITY_TEXTURE_ALPHASPLIT_ALLOWED ok=1
Cmd: compileSnippet
  api=4 type=1 insize=3734 outsize=657 kw=DIRECTIONAL pd=UNITY_ENABLE_REFLECTION_BUFFERS UNITY_PBS_USE_BRDF1 UNITY_SPECCUBE_BOX_PROJECTION UNITY_SPECCUBE_BLENDING UNITY_TEXTURE_ALPHASPLIT_ALLOWED ok=1
Cmd: compileSnippet
  api=4 type=0 insize=1706 outsize=629 kw=SOFTPARTICLES_OFF pd=UNITY_ENABLE_REFLECTION_BUFFERS UNITY_PBS_USE_BRDF1 UNITY_SPECCUBE_BOX_PROJECTION UNITY_SPECCUBE_BLENDING UNITY_TEXTURE_ALPHASPLIT_ALLOWED ok=1
Cmd: compileSnippet
  api=4 type=1 insize=1706 outsize=421 kw=SOFTPARTICLES_OFF pd=UNITY_ENABLE_REFLECTION_BUFFERS UNITY_PBS_USE_BRDF1 UNITY_SPECCUBE_BOX_PROJECTION UNITY_SPECCUBE_BLENDING UNITY_TEXTURE_ALPHASPLIT_ALLOWED ok=1
Cmd: compileSnippet
  api=4 type=0 insize=6763 outsize=2277 kw=DIRECTIONAL SHADOWS_SCREEN LIGHTMAP_OFF DIRLIGHTMAP_OFF DYNAMICLIGHTMAP_OFF pd=UNITY_ENABLE_REFLECTION_BUFFERS UNITY_PBS_USE_BRDF1 UNITY_SPECCUBE_BOX_PROJECTION UNITY_SPECCUBE_BLENDING UNITY_TEXTURE_ALPHASPLIT_ALLOWED ok=1
Cmd: compileSnippet
  api=4 type=1 insize=6763 outsize=797 kw=DIRECTIONAL SHADOWS_SCREEN LIGHTMAP_OFF DIRLIGHTMAP_OFF DYNAMICLIGHTMAP_OFF pd=UNITY_ENABLE_REFLECTION_BUFFERS UNITY_PBS_USE_BRDF1 UNITY_SPECCUBE_BOX_PROJECTION UNITY_SPECCUBE_BLENDING UNITY_TEXTURE_ALPHASPLIT_ALLOWED ok=1
Cmd: compileSnippet
  api=4 type=0 insize=6815 outsize=2277 kw=DIRECTIONAL SHADOWS_SCREEN LIGHTMAP_OFF DIRLIGHTMAP_OFF DYNAMICLIGHTMAP_OFF pd=UNITY_ENABLE_REFLECTION_BUFFERS UNITY_PBS_USE_BRDF1 UNITY_SPECCUBE_BOX_PROJECTION UNITY_SPECCUBE_BLENDING UNITY_TEXTURE_ALPHASPLIT_ALLOWED ok=1
Cmd: compileSnippet
  api=4 type=1 insize=6815 outsize=885 kw=DIRECTIONAL SHADOWS_SCREEN LIGHTMAP_OFF DIRLIGHTMAP_OFF DYNAMICLIGHTMAP_OFF pd=UNITY_ENABLE_REFLECTION_BUFFERS UNITY_PBS_USE_BRDF1 UNITY_SPECCUBE_BOX_PROJECTION UNITY_SPECCUBE_BLENDING UNITY_TEXTURE_ALPHASPLIT_ALLOWED ok=1
Cmd: compileSnippet
  api=4 type=0 insize=751 outsize=1853 kw=SHADOWS_DEPTH _ALPHAPREMULTIPLY_ON pd=UNITY_ENABLE_REFLECTION_BUFFERS UNITY_PBS_USE_BRDF1 UNITY_SPECCUBE_BOX_PROJECTION UNITY_SPECCUBE_BLENDING UNITY_TEXTURE_ALPHASPLIT_ALLOWED ok=1
Cmd: compileSnippet
  api=4 type=1 insize=751 outsize=601 kw=SHADOWS_DEPTH _ALPHAPREMULTIPLY_ON pd=UNITY_ENABLE_REFLECTION_BUFFERS UNITY_PBS_USE_BRDF1 UNITY_SPECCUBE_BOX_PROJECTION UNITY_SPECCUBE_BLENDING UNITY_TEXTURE_ALPHASPLIT_ALLOWED ok=1
Cmd: compileSnippet
  api=4 type=0 insize=965 outsize=1953 kw=DIRECTIONAL SHADOWS_OFF LIGHTMAP_OFF DIRLIGHTMAP_OFF DYNAMICLIGHTMAP_OFF _ALPHAPREMULTIPLY_ON pd=UNITY_ENABLE_REFLECTION_BUFFERS UNITY_PBS_USE_BRDF1 UNITY_SPECCUBE_BOX_PROJECTION UNITY_SPECCUBE_BLENDING UNITY_TEXTURE_ALPHASPLIT_ALLOWED ok=1
Cmd: compileSnippet
  api=4 type=1 insize=965 outsize=5273 kw=DIRECTIONAL SHADOWS_OFF LIGHTMAP_OFF DIRLIGHTMAP_OFF DYNAMICLIGHTMAP_OFF _ALPHAPREMULTIPLY_ON pd=UNITY_ENABLE_REFLECTION_BUFFERS UNITY_PBS_USE_BRDF1 UNITY_SPECCUBE_BOX_PROJECTION UNITY_SPECCUBE_BLENDING UNITY_TEXTURE_ALPHASPLIT_ALLOWED ok=1
Cmd: compileSnippet
  api=4 type=0 insize=923 outsize=2013 kw=DIRECTIONAL SHADOWS_OFF _ALPHAPREMULTIPLY_ON pd=UNITY_ENABLE_REFLECTION_BUFFERS UNITY_PBS_USE_BRDF1 UNITY_SPECCUBE_BOX_PROJECTION UNITY_SPECCUBE_BLENDING UNITY_TEXTURE_ALPHASPLIT_ALLOWED ok=1
Cmd: compileSnippet
  api=4 type=1 insize=923 outsize=2781 kw=DIRECTIONAL SHADOWS_OFF _ALPHAPREMULTIPLY_ON pd=UNITY_ENABLE_REFLECTION_BUFFERS UNITY_PBS_USE_BRDF1 UNITY_SPECCUBE_BOX_PROJECTION UNITY_SPECCUBE_BLENDING UNITY_TEXTURE_ALPHASPLIT_ALLOWED ok=1
Cmd: compileSnippet
  api=4 type=0 insize=965 outsize=2129 kw=DIRECTIONAL SHADOWS_SCREEN LIGHTMAP_OFF DIRLIGHTMAP_OFF DYNAMICLIGHTMAP_OFF pd=UNITY_ENABLE_REFLECTION_BUFFERS UNITY_PBS_USE_BRDF1 UNITY_SPECCUBE_BOX_PROJECTION UNITY_SPECCUBE_BLENDING UNITY_TEXTURE_ALPHASPLIT_ALLOWED ok=1
Cmd: compileSnippet
  api=4 type=1 insize=965 outsize=5353 kw=DIRECTIONAL SHADOWS_SCREEN LIGHTMAP_OFF DIRLIGHTMAP_OFF DYNAMICLIGHTMAP_OFF pd=UNITY_ENABLE_REFLECTION_BUFFERS UNITY_PBS_USE_BRDF1 UNITY_SPECCUBE_BOX_PROJECTION UNITY_SPECCUBE_BLENDING UNITY_TEXTURE_ALPHASPLIT_ALLOWED ok=1
Cmd: compileSnippet
  api=4 type=0 insize=970 outsize=2309 kw=DIRECTIONAL SHADOWS_OFF LIGHTMAP_OFF DIRLIGHTMAP_OFF DYNAMICLIGHTMAP_OFF _NORMALMAP _METALLICGLOSSMAP pd=UNITY_ENABLE_REFLECTION_BUFFERS UNITY_PBS_USE_BRDF1 UNITY_SPECCUBE_BOX_PROJECTION UNITY_SPECCUBE_BLENDING UNITY_TEXTURE_ALPHASPLIT_ALLOWED ok=1
Cmd: compileSnippet
  api=4 type=1 insize=970 outsize=5677 kw=DIRECTIONAL SHADOWS_OFF LIGHTMAP_OFF DIRLIGHTMAP_OFF DYNAMICLIGHTMAP_OFF _NORMALMAP _METALLICGLOSSMAP pd=UNITY_ENABLE_REFLECTION_BUFFERS UNITY_PBS_USE_BRDF1 UNITY_SPECCUBE_BOX_PROJECTION UNITY_SPECCUBE_BLENDING UNITY_TEXTURE_ALPHASPLIT_ALLOWED ok=1
Cmd: compileSnippet
  api=4 type=0 insize=927 outsize=2013 kw=DIRECTIONAL SHADOWS_OFF _NORMALMAP _METALLICGLOSSMAP pd=UNITY_ENABLE_REFLECTION_BUFFERS UNITY_PBS_USE_BRDF1 UNITY_SPECCUBE_BOX_PROJECTION UNITY_SPECCUBE_BLENDING UNITY_TEXTURE_ALPHASPLIT_ALLOWED ok=1
Cmd: compileSnippet
  api=4 type=1 insize=927 outsize=3157 kw=DIRECTIONAL SHADOWS_OFF _NORMALMAP _METALLICGLOSSMAP pd=UNITY_ENABLE_REFLECTION_BUFFERS UNITY_PBS_USE_BRDF1 UNITY_SPECCUBE_BOX_PROJECTION UNITY_SPECCUBE_BLENDING UNITY_TEXTURE_ALPHASPLIT_ALLOWED ok=1
Cmd: compileSnippet
  api=4 type=0 insize=7239 outsize=2713 kw=DIRECTIONAL SHADOWS_OFF LIGHTMAP_OFF DIRLIGHTMAP_OFF DYNAMICLIGHTMAP_OFF pd=UNITY_ENABLE_REFLECTION_BUFFERS UNITY_PBS_USE_BRDF1 UNITY_SPECCUBE_BOX_PROJECTION UNITY_SPECCUBE_BLENDING UNITY_TEXTURE_ALPHASPLIT_ALLOWED ok=1
Cmd: compileSnippet
  api=4 type=1 insize=7239 outsize=1005 kw=DIRECTIONAL SHADOWS_OFF LIGHTMAP_OFF DIRLIGHTMAP_OFF DYNAMICLIGHTMAP_OFF pd=UNITY_ENABLE_REFLECTION_BUFFERS UNITY_PBS_USE_BRDF1 UNITY_SPECCUBE_BOX_PROJECTION UNITY_SPECCUBE_BLENDING UNITY_TEXTURE_ALPHASPLIT_ALLOWED ok=1
Cmd: compileSnippet
  api=4 type=0 insize=4837 outsize=1973 kw=DIRECTIONAL pd=UNITY_ENABLE_REFLECTION_BUFFERS UNITY_PBS_USE_BRDF1 UNITY_SPECCUBE_BOX_PROJECTION UNITY_SPECCUBE_BLENDING UNITY_TEXTURE_ALPHASPLIT_ALLOWED ok=1
Cmd: compileSnippet
  api=4 type=1 insize=4837 outsize=957 kw=DIRECTIONAL pd=UNITY_ENABLE_REFLECTION_BUFFERS UNITY_PBS_USE_BRDF1 UNITY_SPECCUBE_BOX_PROJECTION UNITY_SPECCUBE_BLENDING UNITY_TEXTURE_ALPHASPLIT_ALLOWED ok=1
Cmd: compileSnippet
  api=4 type=0 insize=6658 outsize=2085 kw=DIRECTIONAL LIGHTMAP_OFF DIRLIGHTMAP_OFF DYNAMICLIGHTMAP_OFF pd=UNITY_ENABLE_REFLECTION_BUFFERS UNITY_PBS_USE_BRDF1 UNITY_SPECCUBE_BOX_PROJECTION UNITY_SPECCUBE_BLENDING UNITY_TEXTURE_ALPHASPLIT_ALLOWED ok=1
Cmd: compileSnippet
  api=4 type=1 insize=6658 outsize=641 kw=DIRECTIONAL LIGHTMAP_OFF DIRLIGHTMAP_OFF DYNAMICLIGHTMAP_OFF pd=UNITY_ENABLE_REFLECTION_BUFFERS UNITY_PBS_USE_BRDF1 UNITY_SPECCUBE_BOX_PROJECTION UNITY_SPECCUBE_BLENDING UNITY_TEXTURE_ALPHASPLIT_ALLOWED ok=1
Cmd: compileSnippet
  api=4 type=0 insize=3591 outsize=1349 kw=DIRECTIONAL pd=UNITY_ENABLE_REFLECTION_BUFFERS UNITY_PBS_USE_BRDF1 UNITY_SPECCUBE_BOX_PROJECTION UNITY_SPECCUBE_BLENDING UNITY_TEXTURE_ALPHASPLIT_ALLOWED ok=1
Cmd: compileSnippet
  api=4 type=1 insize=3591 outsize=569 kw=DIRECTIONAL pd=UNITY_ENABLE_REFLECTION_BUFFERS UNITY_PBS_USE_BRDF1 UNITY_SPECCUBE_BOX_PROJECTION UNITY_SPECCUBE_BLENDING UNITY_TEXTURE_ALPHASPLIT_ALLOWED ok=1
